  210-lab-26.cpp
C:\Users\dylan\source\repos\210-lab-26\210-lab-26.cpp(156,57): warning C4244: 'return': conversion from '_Rep' to 'double', possible loss of data
C:\Users\dylan\source\repos\210-lab-26\210-lab-26.cpp(156,57): warning C4244:         with
C:\Users\dylan\source\repos\210-lab-26\210-lab-26.cpp(156,57): warning C4244:         [
C:\Users\dylan\source\repos\210-lab-26\210-lab-26.cpp(156,57): warning C4244:             _Rep=__int64
C:\Users\dylan\source\repos\210-lab-26\210-lab-26.cpp(156,57): warning C4244:         ]
C:\Users\dylan\source\repos\210-lab-26\210-lab-26.cpp(170,57): warning C4244: 'return': conversion from '_Rep' to 'double', possible loss of data
C:\Users\dylan\source\repos\210-lab-26\210-lab-26.cpp(170,57): warning C4244:         with
C:\Users\dylan\source\repos\210-lab-26\210-lab-26.cpp(170,57): warning C4244:         [
C:\Users\dylan\source\repos\210-lab-26\210-lab-26.cpp(170,57): warning C4244:             _Rep=__int64
C:\Users\dylan\source\repos\210-lab-26\210-lab-26.cpp(170,57): warning C4244:         ]
C:\Users\dylan\source\repos\210-lab-26\210-lab-26.cpp(184,57): warning C4244: 'return': conversion from '_Rep' to 'double', possible loss of data
C:\Users\dylan\source\repos\210-lab-26\210-lab-26.cpp(184,57): warning C4244:         with
C:\Users\dylan\source\repos\210-lab-26\210-lab-26.cpp(184,57): warning C4244:         [
C:\Users\dylan\source\repos\210-lab-26\210-lab-26.cpp(184,57): warning C4244:             _Rep=__int64
C:\Users\dylan\source\repos\210-lab-26\210-lab-26.cpp(184,57): warning C4244:         ]
C:\Users\dylan\source\repos\210-lab-26\210-lab-26.cpp(194,57): warning C4244: 'return': conversion from '_Rep' to 'double', possible loss of data
C:\Users\dylan\source\repos\210-lab-26\210-lab-26.cpp(194,57): warning C4244:         with
C:\Users\dylan\source\repos\210-lab-26\210-lab-26.cpp(194,57): warning C4244:         [
C:\Users\dylan\source\repos\210-lab-26\210-lab-26.cpp(194,57): warning C4244:             _Rep=__int64
C:\Users\dylan\source\repos\210-lab-26\210-lab-26.cpp(194,57): warning C4244:         ]
C:\Users\dylan\source\repos\210-lab-26\210-lab-26.cpp(204,57): warning C4244: 'return': conversion from '_Rep' to 'double', possible loss of data
C:\Users\dylan\source\repos\210-lab-26\210-lab-26.cpp(204,57): warning C4244:         with
C:\Users\dylan\source\repos\210-lab-26\210-lab-26.cpp(204,57): warning C4244:         [
C:\Users\dylan\source\repos\210-lab-26\210-lab-26.cpp(204,57): warning C4244:             _Rep=__int64
C:\Users\dylan\source\repos\210-lab-26\210-lab-26.cpp(204,57): warning C4244:         ]
C:\Users\dylan\source\repos\210-lab-26\210-lab-26.cpp(216,57): warning C4244: 'return': conversion from '_Rep' to 'double', possible loss of data
C:\Users\dylan\source\repos\210-lab-26\210-lab-26.cpp(216,57): warning C4244:         with
C:\Users\dylan\source\repos\210-lab-26\210-lab-26.cpp(216,57): warning C4244:         [
C:\Users\dylan\source\repos\210-lab-26\210-lab-26.cpp(216,57): warning C4244:             _Rep=__int64
C:\Users\dylan\source\repos\210-lab-26\210-lab-26.cpp(216,57): warning C4244:         ]
C:\Users\dylan\source\repos\210-lab-26\210-lab-26.cpp(229,57): warning C4244: 'return': conversion from '_Rep' to 'double', possible loss of data
C:\Users\dylan\source\repos\210-lab-26\210-lab-26.cpp(229,57): warning C4244:         with
C:\Users\dylan\source\repos\210-lab-26\210-lab-26.cpp(229,57): warning C4244:         [
C:\Users\dylan\source\repos\210-lab-26\210-lab-26.cpp(229,57): warning C4244:             _Rep=__int64
C:\Users\dylan\source\repos\210-lab-26\210-lab-26.cpp(229,57): warning C4244:         ]
C:\Users\dylan\source\repos\210-lab-26\210-lab-26.cpp(239,57): warning C4244: 'return': conversion from '_Rep' to 'double', possible loss of data
C:\Users\dylan\source\repos\210-lab-26\210-lab-26.cpp(239,57): warning C4244:         with
C:\Users\dylan\source\repos\210-lab-26\210-lab-26.cpp(239,57): warning C4244:         [
C:\Users\dylan\source\repos\210-lab-26\210-lab-26.cpp(239,57): warning C4244:             _Rep=__int64
C:\Users\dylan\source\repos\210-lab-26\210-lab-26.cpp(239,57): warning C4244:         ]
C:\Users\dylan\source\repos\210-lab-26\210-lab-26.cpp(251,57): warning C4244: 'return': conversion from '_Rep' to 'double', possible loss of data
C:\Users\dylan\source\repos\210-lab-26\210-lab-26.cpp(251,57): warning C4244:         with
C:\Users\dylan\source\repos\210-lab-26\210-lab-26.cpp(251,57): warning C4244:         [
C:\Users\dylan\source\repos\210-lab-26\210-lab-26.cpp(251,57): warning C4244:             _Rep=__int64
C:\Users\dylan\source\repos\210-lab-26\210-lab-26.cpp(251,57): warning C4244:         ]
C:\Users\dylan\source\repos\210-lab-26\210-lab-26.cpp(264,57): warning C4244: 'return': conversion from '_Rep' to 'double', possible loss of data
C:\Users\dylan\source\repos\210-lab-26\210-lab-26.cpp(264,57): warning C4244:         with
C:\Users\dylan\source\repos\210-lab-26\210-lab-26.cpp(264,57): warning C4244:         [
C:\Users\dylan\source\repos\210-lab-26\210-lab-26.cpp(264,57): warning C4244:             _Rep=__int64
C:\Users\dylan\source\repos\210-lab-26\210-lab-26.cpp(264,57): warning C4244:         ]
C:\Users\dylan\source\repos\210-lab-26\210-lab-26.cpp(277,57): warning C4244: 'return': conversion from '_Rep' to 'double', possible loss of data
C:\Users\dylan\source\repos\210-lab-26\210-lab-26.cpp(277,57): warning C4244:         with
C:\Users\dylan\source\repos\210-lab-26\210-lab-26.cpp(277,57): warning C4244:         [
C:\Users\dylan\source\repos\210-lab-26\210-lab-26.cpp(277,57): warning C4244:             _Rep=__int64
C:\Users\dylan\source\repos\210-lab-26\210-lab-26.cpp(277,57): warning C4244:         ]
  210-lab-26.vcxproj -> C:\Users\dylan\source\repos\210-lab-26\x64\Debug\210-lab-26.exe
